Game 0 played: ['MCTS', 'MCTS', 'MCTS', 'MCTS']
Player 1 has won by pickup
['Bamboo1', 'Bamboo2', 'Bamboo3', 'Bamboo3', 'Bamboo4', 'Bamboo4', 'Bamboo5', 'Bamboo5', 'Bamboo6', 'Bamboo9', 'Bamboo9', 'Circles4', 'Circles4', 'Circles4']
GAME ENDED
Game 1 played: ['MCTS', 'MCTS', 'MCTS', 'MCTS']
Player 0 has won by pickup
['Bamboo6', 'Bamboo7', 'Bamboo8', 'Bamboo9', 'Bamboo9', 'Circles4', 'Circles4', 'Circles5', 'Circles5', 'Circles6', 'Circles6', 'Circles9', 'Circles9', 'Circles9']
GAME ENDED
Game 2 played: ['MCTS', 'MCTS', 'MCTS', 'MCTS']
No winner
GAME ENDED
Game 3 played: ['MCTS', 'MCTS', 'MCTS', 'MCTS']
No winner
GAME ENDED
Game 4 played: ['MCTS', 'MCTS', 'MCTS', 'MCTS']
Player 0 has won from a discarded tile
['Bamboo1', 'Bamboo2', 'Bamboo3', 'Bamboo5', 'Bamboo6', 'Bamboo6', 'Bamboo6', 'Bamboo7', 'Numbers2', 'Numbers3', 'Numbers4', 'Numbers5', 'Numbers6', 'Numbers7']
GAME ENDED
Game 5 played: ['MCTS', 'MCTS', 'MCTS', 'MCTS']
No winner
GAME ENDED
Game 6 played: ['MCTS', 'MCTS', 'MCTS', 'MCTS']
No winner
GAME ENDED
Game 7 played: ['MCTS', 'MCTS', 'MCTS', 'MCTS']
Player 1 has won from a discarded tile
['Circles2', 'Circles3', 'Circles4', 'Circles7', 'Circles8', 'Circles9', 'Numbers1', 'Numbers2', 'Numbers3', 'Numbers4', 'Numbers5', 'Numbers6', 'Numbers8', 'Numbers8']
GAME ENDED
Game 8 played: ['MCTS', 'MCTS', 'MCTS', 'MCTS']
No winner
GAME ENDED
Game 9 played: ['MCTS', 'MCTS', 'MCTS', 'MCTS']
No winner
GAME ENDED
Game 10 played: ['MCTS', 'MCTS', 'MCTS', 'MCTS']
No winner
GAME ENDED
Game 11 played: ['MCTS', 'MCTS', 'MCTS', 'MCTS']
Player 1 has won from a discarded tile
['Bamboo2', 'Bamboo3', 'Bamboo4', 'Bamboo5', 'Bamboo5', 'Bamboo7', 'Bamboo8', 'Bamboo9', 'Circles1', 'Circles1', 'Circles1', 'Circles7', 'Circles8', 'Circles9']
GAME ENDED
Game 12 played: ['MCTS', 'MCTS', 'MCTS', 'MCTS']
No winner
GAME ENDED
Game 13 played: ['MCTS', 'MCTS', 'MCTS', 'MCTS']
No winner
GAME ENDED
Game 14 played: ['MCTS', 'MCTS', 'MCTS', 'MCTS']
No winner
GAME ENDED
Game 15 played: ['MCTS', 'MCTS', 'MCTS', 'MCTS']
No winner
GAME ENDED
Game 16 played: ['MCTS', 'MCTS', 'MCTS', 'MCTS']
No winner
GAME ENDED
Game 17 played: ['MCTS', 'MCTS', 'MCTS', 'MCTS']
No winner
GAME ENDED
Game 18 played: ['MCTS', 'MCTS', 'MCTS', 'MCTS']
No winner
GAME ENDED
Game 19 played: ['MCTS', 'MCTS', 'MCTS', 'MCTS']
No winner
GAME ENDED
Game 20 played: ['MCTS', 'MCTS', 'MCTS', 'MCTS']
No winner
GAME ENDED
Game 21 played: ['MCTS', 'MCTS', 'MCTS', 'MCTS']
Player 0 has won by pickup
['Circles2', 'Circles3', 'Circles4', 'Circles7', 'Circles8', 'Circles9', 'Numbers3', 'Numbers4', 'Numbers4', 'Numbers4', 'Numbers5', 'Numbers7', 'Numbers8', 'Numbers9']
GAME ENDED
Game 22 played: ['MCTS', 'MCTS', 'MCTS', 'MCTS']
No winner
GAME ENDED
Game 23 played: ['MCTS', 'MCTS', 'MCTS', 'MCTS']
No winner
GAME ENDED
Game 24 played: ['MCTS', 'MCTS', 'MCTS', 'MCTS']
No winner
GAME ENDED
Game 25 played: ['MCTS', 'MCTS', 'MCTS', 'MCTS']
No winner
GAME ENDED
Game 26 played: ['MCTS', 'MCTS', 'MCTS', 'MCTS']
Player 2 has won by pickup
['Circles3', 'Circles4', 'Circles5', 'Circles8', 'Circles8', 'Circles8', 'Numbers4', 'Numbers5', 'Numbers5', 'Numbers5', 'Numbers6', 'Numbers8', 'Numbers8', 'Numbers8']
GAME ENDED
Game 27 played: ['MCTS', 'MCTS', 'MCTS', 'MCTS']
No winner
GAME ENDED
Game 28 played: ['MCTS', 'MCTS', 'MCTS', 'MCTS']
No winner
GAME ENDED
Game 29 played: ['MCTS', 'MCTS', 'MCTS', 'MCTS']
Player 3 has won from a discarded tile
['Bamboo5', 'Bamboo5', 'Bamboo9', 'Bamboo9', 'Bamboo9', 'Numbers1', 'Numbers2', 'Numbers3', 'Numbers4', 'Numbers5', 'Numbers6', 'Numbers7', 'Numbers8', 'Numbers9']
GAME ENDED
Game 30 played: ['MCTS', 'MCTS', 'MCTS', 'MCTS']
No winner
GAME ENDED
Game 31 played: ['MCTS', 'MCTS', 'MCTS', 'MCTS']
Player 2 has won from a discarded tile
['Bamboo4', 'Bamboo4', 'Bamboo4', 'Circles1', 'Circles2', 'Circles2', 'Circles2', 'Circles3', 'Circles4', 'Circles4', 'Circles4', 'Circles6', 'Circles7', 'Circles8']
GAME ENDED
Game 32 played: ['MCTS', 'MCTS', 'MCTS', 'MCTS']
No winner
GAME ENDED
Game 33 played: ['MCTS', 'MCTS', 'MCTS', 'MCTS']
Player 1 has won from a discarded tile
['Bamboo2', 'Bamboo2', 'Bamboo2', 'Bamboo7', 'Bamboo7', 'Circles1', 'Circles1', 'Circles1', 'Circles5', 'Circles5', 'Circles5', 'Circles8', 'Circles8', 'Circles8']
GAME ENDED
Game 34 played: ['MCTS', 'MCTS', 'MCTS', 'MCTS']
Player 1 has won from a discarded tile
['Circles6', 'Circles7', 'Circles7', 'Circles7', 'Circles8', 'Circles9', 'Circles9', 'Circles9', 'Numbers1', 'Numbers1', 'Numbers1', 'Numbers2', 'Numbers3', 'Numbers4']
GAME ENDED
Game 35 played: ['MCTS', 'MCTS', 'MCTS', 'MCTS']
Player 3 has won from a discarded tile
['Bamboo3', 'Bamboo3', 'Bamboo3', 'Bamboo5', 'Bamboo6', 'Bamboo7', 'Numbers2', 'Numbers2', 'Numbers2', 'Numbers3', 'Numbers4', 'Numbers8', 'Numbers8', 'Numbers8']
GAME ENDED
Game 36 played: ['MCTS', 'MCTS', 'MCTS', 'MCTS']
No winner
GAME ENDED
Game 37 played: ['MCTS', 'MCTS', 'MCTS', 'MCTS']
No winner
GAME ENDED
Game 38 played: ['MCTS', 'MCTS', 'MCTS', 'MCTS']
No winner
GAME ENDED
Game 39 played: ['MCTS', 'MCTS', 'MCTS', 'MCTS']
No winner
GAME ENDED
Game 40 played: ['MCTS', 'MCTS', 'MCTS', 'MCTS']
Player 3 has won from a discarded tile
['Circles1', 'Circles2', 'Circles2', 'Circles2', 'Circles3', 'Circles6', 'Circles6', 'Circles6', 'Numbers1', 'Numbers1', 'Numbers1', 'Numbers8', 'Numbers8', 'Numbers8']
GAME ENDED
Game 41 played: ['MCTS', 'MCTS', 'MCTS', 'MCTS']
No winner
GAME ENDED
Game 42 played: ['MCTS', 'MCTS', 'MCTS', 'MCTS']
No winner
GAME ENDED
Game 43 played: ['MCTS', 'MCTS', 'MCTS', 'MCTS']
No winner
GAME ENDED
Game 44 played: ['MCTS', 'MCTS', 'MCTS', 'MCTS']
Player 0 has won from a discarded tile
['Bamboo3', 'Bamboo4', 'Bamboo5', 'Numbers2', 'Numbers2', 'Numbers2', 'Numbers6', 'Numbers6', 'Numbers6', 'Numbers6', 'Numbers7', 'Numbers8', 'Numbers9', 'Numbers9']
GAME ENDED
Game 45 played: ['MCTS', 'MCTS', 'MCTS', 'MCTS']
No winner
GAME ENDED
Game 46 played: ['MCTS', 'MCTS', 'MCTS', 'MCTS']
No winner
GAME ENDED
Game 47 played: ['MCTS', 'MCTS', 'MCTS', 'MCTS']
No winner
GAME ENDED
Game 48 played: ['MCTS', 'MCTS', 'MCTS', 'MCTS']
No winner
GAME ENDED
Game 49 played: ['MCTS', 'MCTS', 'MCTS', 'MCTS']
No winner
GAME ENDED
Game 50 played: ['MCTS', 'MCTS', 'MCTS', 'MCTS']
No winner
GAME ENDED
Game 51 played: ['MCTS', 'MCTS', 'MCTS', 'MCTS']
No winner
GAME ENDED
Game 52 played: ['MCTS', 'MCTS', 'MCTS', 'MCTS']
Player 3 has won by pickup
['Bamboo3', 'Bamboo3', 'Bamboo3', 'Bamboo5', 'Bamboo6', 'Bamboo7', 'Circles1', 'Circles1', 'Circles6', 'Circles7', 'Circles8', 'Circles9', 'Circles9', 'Circles9']
GAME ENDED
Game 53 played: ['MCTS', 'MCTS', 'MCTS', 'MCTS']
No winner
GAME ENDED
Game 54 played: ['MCTS', 'MCTS', 'MCTS', 'MCTS']
Player 1 has won from a discarded tile
['Bamboo4', 'Bamboo5', 'Bamboo5', 'Bamboo6', 'Bamboo6', 'Bamboo7', 'Numbers1', 'Numbers1', 'Numbers1', 'Numbers2', 'Numbers3', 'Numbers3', 'Numbers4', 'Numbers5']
GAME ENDED
Game 55 played: ['MCTS', 'MCTS', 'MCTS', 'MCTS']
Player 1 has won from a discarded tile
['Bamboo4', 'Bamboo5', 'Bamboo6', 'Circles1', 'Circles2', 'Circles3', 'Circles3', 'Circles3', 'Circles4', 'Circles5', 'Circles6', 'Circles7', 'Circles8', 'Circles9']
GAME ENDED
Game 56 played: ['MCTS', 'MCTS', 'MCTS', 'MCTS']
No winner
GAME ENDED
Game 57 played: ['MCTS', 'MCTS', 'MCTS', 'MCTS']
No winner
GAME ENDED
Game 58 played: ['MCTS', 'MCTS', 'MCTS', 'MCTS']
No winner
GAME ENDED
Game 59 played: ['MCTS', 'MCTS', 'MCTS', 'MCTS']
No winner
GAME ENDED
Game 60 played: ['MCTS', 'MCTS', 'MCTS', 'MCTS']
No winner
GAME ENDED
Game 61 played: ['MCTS', 'MCTS', 'MCTS', 'MCTS']
No winner
GAME ENDED
Game 62 played: ['MCTS', 'MCTS', 'MCTS', 'MCTS']
No winner
GAME ENDED
Game 63 played: ['MCTS', 'MCTS', 'MCTS', 'MCTS']
No winner
GAME ENDED
Game 64 played: ['MCTS', 'MCTS', 'MCTS', 'MCTS']
No winner
GAME ENDED
Game 65 played: ['MCTS', 'MCTS', 'MCTS', 'MCTS']
No winner
GAME ENDED
Game 66 played: ['MCTS', 'MCTS', 'MCTS', 'MCTS']
No winner
GAME ENDED
Game 67 played: ['MCTS', 'MCTS', 'MCTS', 'MCTS']
No winner
GAME ENDED
Game 68 played: ['MCTS', 'MCTS', 'MCTS', 'MCTS']
Player 1 has won from a discarded tile
['Circles4', 'Circles4', 'Circles4', 'Circles5', 'Circles5', 'Circles5', 'Circles6', 'Circles6', 'Circles6', 'Circles7', 'Circles8', 'Numbers6', 'Numbers7', 'Numbers8']
GAME ENDED
Game 69 played: ['MCTS', 'MCTS', 'MCTS', 'MCTS']
No winner
GAME ENDED
Game 70 played: ['MCTS', 'MCTS', 'MCTS', 'MCTS']
No winner
GAME ENDED
Game 71 played: ['MCTS', 'MCTS', 'MCTS', 'MCTS']
No winner
GAME ENDED
Game 72 played: ['MCTS', 'MCTS', 'MCTS', 'MCTS']
No winner
GAME ENDED
Game 73 played: ['MCTS', 'MCTS', 'MCTS', 'MCTS']
Player 2 has won by pickup
['Circles4', 'Circles4', 'Circles4', 'Numbers3', 'Numbers3', 'Numbers6', 'Numbers6', 'Numbers6', 'Numbers7', 'Numbers7', 'Numbers7', 'Numbers8', 'Numbers8', 'Numbers8']
GAME ENDED
Game 74 played: ['MCTS', 'MCTS', 'MCTS', 'MCTS']
No winner
GAME ENDED
Game 75 played: ['MCTS', 'MCTS', 'MCTS', 'MCTS']
Player 0 has won by pickup
['Bamboo1', 'Bamboo1', 'Bamboo1', 'Bamboo5', 'Bamboo6', 'Bamboo7', 'Circles3', 'Circles4', 'Circles5', 'Circles6', 'Circles7', 'Circles8', 'Circles8', 'Circles8']
GAME ENDED
Game 76 played: ['MCTS', 'MCTS', 'MCTS', 'MCTS']
Player 2 has won from a discarded tile
['Bamboo1', 'Bamboo1', 'Bamboo6', 'Bamboo7', 'Bamboo8', 'Numbers1', 'Numbers1', 'Numbers1', 'Numbers2', 'Numbers2', 'Numbers2', 'Numbers6', 'Numbers7', 'Numbers8']
GAME ENDED
Game 77 played: ['MCTS', 'MCTS', 'MCTS', 'MCTS']
No winner
GAME ENDED
Game 78 played: ['MCTS', 'MCTS', 'MCTS', 'MCTS']
No winner
GAME ENDED
Game 79 played: ['MCTS', 'MCTS', 'MCTS', 'MCTS']
No winner
GAME ENDED
Game 80 played: ['MCTS', 'MCTS', 'MCTS', 'MCTS']
No winner
GAME ENDED
Game 81 played: ['MCTS', 'MCTS', 'MCTS', 'MCTS']
No winner
GAME ENDED
Game 82 played: ['MCTS', 'MCTS', 'MCTS', 'MCTS']
No winner
GAME ENDED
Game 83 played: ['MCTS', 'MCTS', 'MCTS', 'MCTS']
Player 2 has won from a discarded tile
['Bamboo1', 'Bamboo2', 'Bamboo3', 'Bamboo3', 'Bamboo3', 'Bamboo7', 'Bamboo8', 'Bamboo9', 'Circles1', 'Circles2', 'Circles3', 'Circles5', 'Circles6', 'Circles7']
GAME ENDED
Game 84 played: ['MCTS', 'MCTS', 'MCTS', 'MCTS']
No winner
GAME ENDED
Game 85 played: ['MCTS', 'MCTS', 'MCTS', 'MCTS']
No winner
GAME ENDED
Game 86 played: ['MCTS', 'MCTS', 'MCTS', 'MCTS']
No winner
GAME ENDED
Game 87 played: ['MCTS', 'MCTS', 'MCTS', 'MCTS']
No winner
GAME ENDED
Game 88 played: ['MCTS', 'MCTS', 'MCTS', 'MCTS']
Player 0 has won from a discarded tile
['Circles1', 'Circles2', 'Circles3', 'Circles4', 'Circles5', 'Circles6', 'Numbers1', 'Numbers1', 'Numbers3', 'Numbers4', 'Numbers5', 'Numbers7', 'Numbers7', 'Numbers7']
GAME ENDED
Game 89 played: ['MCTS', 'MCTS', 'MCTS', 'MCTS']
No winner
GAME ENDED
Game 90 played: ['MCTS', 'MCTS', 'MCTS', 'MCTS']
No winner
GAME ENDED
Game 91 played: ['MCTS', 'MCTS', 'MCTS', 'MCTS']
No winner
GAME ENDED
Game 92 played: ['MCTS', 'MCTS', 'MCTS', 'MCTS']
Player 1 has won by pickup
['Bamboo1', 'Bamboo2', 'Bamboo3', 'Bamboo9', 'Bamboo9', 'Bamboo9', 'Circles2', 'Circles3', 'Circles4', 'Circles5', 'Circles5', 'Circles8', 'Circles8', 'Circles8']
GAME ENDED
Game 93 played: ['MCTS', 'MCTS', 'MCTS', 'MCTS']
No winner
GAME ENDED
Game 94 played: ['MCTS', 'MCTS', 'MCTS', 'MCTS']
Player 3 has won from a discarded tile
['Bamboo2', 'Bamboo2', 'Bamboo2', 'Bamboo3', 'Bamboo4', 'Bamboo5', 'Bamboo6', 'Bamboo6', 'Bamboo6', 'Bamboo8', 'Bamboo8', 'Numbers2', 'Numbers3', 'Numbers4']
GAME ENDED
Game 95 played: ['MCTS', 'MCTS', 'MCTS', 'MCTS']
Player 2 has won from a discarded tile
['Bamboo3', 'Bamboo4', 'Bamboo5', 'Bamboo6', 'Bamboo6', 'Bamboo6', 'Bamboo7', 'Bamboo8', 'Bamboo9', 'Circles2', 'Circles3', 'Circles4', 'Circles4', 'Circles4']
GAME ENDED
Game 96 played: ['MCTS', 'MCTS', 'MCTS', 'MCTS']
No winner
GAME ENDED
Game 97 played: ['MCTS', 'MCTS', 'MCTS', 'MCTS']
No winner
GAME ENDED
Game 98 played: ['MCTS', 'MCTS', 'MCTS', 'MCTS']
No winner
GAME ENDED
Game 99 played: ['MCTS', 'MCTS', 'MCTS', 'MCTS']
No winner
GAME ENDED
Game 100 played: ['MCTS', 'MCTS', 'MCTS', 'MCTS']
No winner
GAME ENDED
Game 101 played: ['MCTS', 'MCTS', 'MCTS', 'MCTS']
No winner
GAME ENDED
Game 102 played: ['MCTS', 'MCTS', 'MCTS', 'MCTS']
No winner
GAME ENDED
Game 103 played: ['MCTS', 'MCTS', 'MCTS', 'MCTS']
Player 3 has won from a discarded tile
['Bamboo1', 'Bamboo1', 'Bamboo6', 'Bamboo7', 'Bamboo8', 'Circles5', 'Circles5', 'Circles5', 'Circles7', 'Circles7', 'Circles7', 'Circles7', 'Circles8', 'Circles9']
GAME ENDED
Game 104 played: ['MCTS', 'MCTS', 'MCTS', 'MCTS']
Player 0 has won from a discarded tile
['Bamboo2', 'Bamboo3', 'Bamboo3', 'Bamboo3', 'Bamboo4', 'Bamboo8', 'Bamboo8', 'Bamboo8', 'Numbers1', 'Numbers2', 'Numbers3', 'Numbers5', 'Numbers5', 'Numbers5']
GAME ENDED
Game 105 played: ['MCTS', 'MCTS', 'MCTS', 'MCTS']
No winner
GAME ENDED
Game 106 played: ['MCTS', 'MCTS', 'MCTS', 'MCTS']
No winner
GAME ENDED
Game 107 played: ['MCTS', 'MCTS', 'MCTS', 'MCTS']
No winner
GAME ENDED
Game 108 played: ['MCTS', 'MCTS', 'MCTS', 'MCTS']
Player 3 has won by pickup
['Bamboo2', 'Bamboo2', 'Bamboo2', 'Bamboo3', 'Bamboo4', 'Bamboo5', 'Bamboo6', 'Bamboo7', 'Bamboo8', 'Bamboo8', 'Bamboo8', 'Circles9', 'Circles9', 'Circles9']
GAME ENDED
Game 109 played: ['MCTS', 'MCTS', 'MCTS', 'MCTS']
No winner
GAME ENDED
Game 110 played: ['MCTS', 'MCTS', 'MCTS', 'MCTS']
No winner
GAME ENDED
Game 111 played: ['MCTS', 'MCTS', 'MCTS', 'MCTS']
No winner
GAME ENDED
Game 112 played: ['MCTS', 'MCTS', 'MCTS', 'MCTS']
Player 2 has won from a discarded tile
['Bamboo1', 'Bamboo2', 'Bamboo3', 'Bamboo6', 'Bamboo6', 'Bamboo6', 'Bamboo9', 'Bamboo9', 'Circles1', 'Circles1', 'Circles1', 'Circles6', 'Circles6', 'Circles6']
GAME ENDED
Game 113 played: ['MCTS', 'MCTS', 'MCTS', 'MCTS']
Player 0 has won by pickup
['Bamboo8', 'Bamboo8', 'Bamboo9', 'Bamboo9', 'Bamboo9', 'Circles3', 'Circles4', 'Circles5', 'Circles7', 'Circles7', 'Circles7', 'Circles9', 'Circles9', 'Circles9']
GAME ENDED
Game 114 played: ['MCTS', 'MCTS', 'MCTS', 'MCTS']
Player 0 has won from a discarded tile
['Bamboo2', 'Bamboo3', 'Bamboo3', 'Bamboo3', 'Bamboo4', 'Bamboo9', 'Bamboo9', 'Bamboo9', 'Circles5', 'Circles5', 'Circles5', 'Circles6', 'Circles6', 'Circles6']
GAME ENDED
Game 115 played: ['MCTS', 'MCTS', 'MCTS', 'MCTS']
No winner
GAME ENDED
Game 116 played: ['MCTS', 'MCTS', 'MCTS', 'MCTS']
No winner
GAME ENDED
Game 117 played: ['MCTS', 'MCTS', 'MCTS', 'MCTS']
No winner
GAME ENDED
Game 118 played: ['MCTS', 'MCTS', 'MCTS', 'MCTS']
No winner
GAME ENDED
Game 119 played: ['MCTS', 'MCTS', 'MCTS', 'MCTS']
No winner
GAME ENDED
Game 120 played: ['MCTS', 'MCTS', 'MCTS', 'MCTS']
No winner
GAME ENDED
Game 121 played: ['MCTS', 'MCTS', 'MCTS', 'MCTS']
Player 2 has won from a discarded tile
['Bamboo3', 'Bamboo3', 'Bamboo3', 'Bamboo7', 'Bamboo7', 'Bamboo8', 'Bamboo8', 'Bamboo8', 'Circles4', 'Circles5', 'Circles6', 'Circles9', 'Circles9', 'Circles9']
GAME ENDED
Game 122 played: ['MCTS', 'MCTS', 'MCTS', 'MCTS']
No winner
GAME ENDED
Game 123 played: ['MCTS', 'MCTS', 'MCTS', 'MCTS']
Player 2 has won from a discarded tile
['Circles2', 'Circles3', 'Circles4', 'Circles6', 'Circles6', 'Circles6', 'Circles7', 'Circles7', 'Circles8', 'Circles8', 'Circles8', 'Circles9', 'Circles9', 'Circles9']
GAME ENDED
Game 124 played: ['MCTS', 'MCTS', 'MCTS', 'MCTS']
No winner
GAME ENDED
Game 125 played: ['MCTS', 'MCTS', 'MCTS', 'MCTS']
No winner
GAME ENDED
Game 126 played: ['MCTS', 'MCTS', 'MCTS', 'MCTS']
No winner
GAME ENDED
Game 127 played: ['MCTS', 'MCTS', 'MCTS', 'MCTS']
No winner
GAME ENDED
Game 128 played: ['MCTS', 'MCTS', 'MCTS', 'MCTS']
No winner
GAME ENDED
Game 129 played: ['MCTS', 'MCTS', 'MCTS', 'MCTS']
No winner
GAME ENDED
Game 130 played: ['MCTS', 'MCTS', 'MCTS', 'MCTS']
No winner
GAME ENDED
Game 131 played: ['MCTS', 'MCTS', 'MCTS', 'MCTS']
Player 0 has won from a discarded tile
['Bamboo4', 'Bamboo5', 'Bamboo6', 'Bamboo8', 'Bamboo8', 'Numbers3', 'Numbers3', 'Numbers3', 'Numbers4', 'Numbers5', 'Numbers6', 'Numbers6', 'Numbers7', 'Numbers8']
GAME ENDED
Game 132 played: ['MCTS', 'MCTS', 'MCTS', 'MCTS']
No winner
GAME ENDED
Game 133 played: ['MCTS', 'MCTS', 'MCTS', 'MCTS']
No winner
GAME ENDED
Game 134 played: ['MCTS', 'MCTS', 'MCTS', 'MCTS']
No winner
GAME ENDED
Game 135 played: ['MCTS', 'MCTS', 'MCTS', 'MCTS']
No winner
GAME ENDED
Game 136 played: ['MCTS', 'MCTS', 'MCTS', 'MCTS']
No winner
GAME ENDED
Game 137 played: ['MCTS', 'MCTS', 'MCTS', 'MCTS']
No winner
GAME ENDED
Game 138 played: ['MCTS', 'MCTS', 'MCTS', 'MCTS']
Player 0 has won from a discarded tile
['Bamboo3', 'Bamboo3', 'Bamboo3', 'Bamboo5', 'Bamboo5', 'Numbers2', 'Numbers3', 'Numbers4', 'Numbers7', 'Numbers7', 'Numbers7', 'Numbers8', 'Numbers8', 'Numbers8']